[0m2021.08.20 22:40:28 INFO  Started: Metals version 0.10.5 in workspace 'D:\q4' for client Visual Studio Code 1.58.2.[0m
[0m2021.08.20 22:40:28 INFO  time: initialize in 0.43s[0m
[0m2021.08.20 22:40:30 WARN  Build server is not auto-connectable.[0m
[0m2021.08.20 22:40:30 WARN  no build target for: D:\q4\src\main\scala\Main.scala[0m
[0m2021.08.20 22:40:32 INFO  no build target: using presentation compiler with only scala-library: 2.12.14[0m
[0m2021.08.20 22:40:34 INFO  time: code lens generation in 3.95s[0m
something's wrong: no file:///D:/q4/src/main/scala/Main.scala in List[<error>]RangePosition(file:///D:/q4/src/main/scala/Main.scala, 44, 44, 57)
[0m2021.08.20 22:42:14 WARN  no build target for: D:\q4\src\main\scala\Main.scala[0m
[0m2021.08.20 22:42:52 WARN  no build target for: D:\q4\src\main\scala\Main.scala[0m
[0m2021.08.20 22:49:17 WARN  no build target for: D:\q4\src\main\scala\Main.scala[0m
[0m2021.08.20 22:50:46 WARN  no build target for: D:\q4\src\main\scala\Main.scala[0m
[0m2021.08.20 22:51:41 WARN  no build target for: D:\q4\src\main\scala\Main.scala[0m
[0m2021.08.20 22:52:12 WARN  no build target for: D:\q4\src\main\scala\Main.scala[0m
[0m2021.08.20 22:53:27 WARN  no build target for: D:\q4\src\main\scala\Main.scala[0m
[0m2021.08.20 22:53:40 WARN  no build target for: D:\q4\src\main\scala\Main.scala[0m
[0m2021.08.20 22:54:57 WARN  no build target for: D:\q4\src\main\scala\Main.scala[0m
[0m2021.08.20 22:54:57 WARN  no build target for: D:\q4\src\main\scala\Main.scala[0m
[0m2021.08.20 22:55:06 INFO  shutting down Metals[0m
[0m2021.08.20 22:55:06 ERROR Unexpected error initializing server
org.eclipse.lsp4j.jsonrpc.ResponseErrorException: Request window/showMessageRequest failed with message: Canceled
	at org.eclipse.lsp4j.jsonrpc.RemoteEndpoint.handleResponse(RemoteEndpoint.java:209)
	at org.eclipse.lsp4j.jsonrpc.RemoteEndpoint.consume(RemoteEndpoint.java:193)
	at org.eclipse.lsp4j.jsonrpc.json.StreamMessageProducer.handleMessage(StreamMessageProducer.java:194)
	at org.eclipse.lsp4j.jsonrpc.json.StreamMessageProducer.listen(StreamMessageProducer.java:94)
	at org.eclipse.lsp4j.jsonrpc.json.ConcurrentMessageProcessor.run(ConcurrentMessageProcessor.java:113)
	at java.util.concurrent.Executors$RunnableAdapter.call(Executors.java:511)
	at java.util.concurrent.FutureTask.run(FutureTask.java:266)
	at java.util.concurrent.ThreadPoolExecutor.runWorker(ThreadPoolExecutor.java:1149)
	at java.util.concurrent.ThreadPoolExecutor$Worker.run(ThreadPoolExecutor.java:624)
	at java.lang.Thread.run(Thread.java:748)
[0m
