[0m2021.08.20 22:33:01 INFO  Started: Metals version 0.10.5 in workspace 'D:\q2' for client Visual Studio Code 1.58.2.[0m
[0m2021.08.20 22:33:02 INFO  time: initialize in 0.42s[0m
[0m2021.08.20 22:33:03 WARN  Build server is not auto-connectable.[0m
[0m2021.08.20 22:33:03 WARN  no build target for: D:\q2\src\main\scala\Main.scala[0m
[0m2021.08.20 22:33:06 INFO  no build target: using presentation compiler with only scala-library: 2.12.14[0m
[0m2021.08.20 22:33:08 INFO  time: code lens generation in 4.32s[0m
[0m2021.08.20 22:33:31 WARN  no build target for: D:\q2\src\main\scala\Main.scala[0m
[0m2021.08.20 22:35:31 WARN  no build target for: D:\q2\src\main\scala\Main.scala[0m
[0m2021.08.20 22:55:12 INFO  shutting down Metals[0m
[0m2021.08.20 22:55:12 ERROR Unexpected error initializing server
org.eclipse.lsp4j.jsonrpc.ResponseErrorException: Request window/showMessageRequest failed with message: Canceled
	at org.eclipse.lsp4j.jsonrpc.RemoteEndpoint.handleResponse(RemoteEndpoint.java:209)
	at org.eclipse.lsp4j.jsonrpc.RemoteEndpoint.consume(RemoteEndpoint.java:193)
	at org.eclipse.lsp4j.jsonrpc.json.StreamMessageProducer.handleMessage(StreamMessageProducer.java:194)
	at org.eclipse.lsp4j.jsonrpc.json.StreamMessageProducer.listen(StreamMessageProducer.java:94)
	at org.eclipse.lsp4j.jsonrpc.json.ConcurrentMessageProcessor.run(ConcurrentMessageProcessor.java:113)
	at java.util.concurrent.Executors$RunnableAdapter.call(Executors.java:511)
	at java.util.concurrent.FutureTask.run(FutureTask.java:266)
	at java.util.concurrent.ThreadPoolExecutor.runWorker(ThreadPoolExecutor.java:1149)
	at java.util.concurrent.ThreadPoolExecutor$Worker.run(ThreadPoolExecutor.java:624)
	at java.lang.Thread.run(Thread.java:748)
[0m
