[0m2021.08.20 22:30:25 INFO  Started: Metals version 0.10.5 in workspace 'D:\q1' for client Visual Studio Code 1.58.2.[0m
[0m2021.08.20 22:30:26 INFO  time: initialize in 0.44s[0m
[0m2021.08.20 22:30:27 WARN  Build server is not auto-connectable.[0m
[0m2021.08.20 22:30:29 WARN  no build target for: D:\q1\src\main\scala\Main.scala[0m
[0m2021.08.20 22:30:31 INFO  no build target: using presentation compiler with only scala-library: 2.12.14[0m
[0m2021.08.20 22:30:34 INFO  time: code lens generation in 4.47s[0m
[0m2021.08.20 22:31:12 WARN  no build target for: D:\q1\src\main\scala\Main.scala[0m
[0m2021.08.20 22:32:10 WARN  no build target for: D:\q1\src\main\scala\Main.scala[0m
[0m2021.08.20 22:35:51 WARN  no build target for: D:\q1\src\main\scala\Main.scala[0m
[0m2021.08.20 22:55:13 INFO  shutting down Metals[0m
[0m2021.08.20 22:55:13 ERROR Unexpected error initializing server
org.eclipse.lsp4j.jsonrpc.ResponseErrorException: Request window/showMessageRequest failed with message: Canceled
	at org.eclipse.lsp4j.jsonrpc.RemoteEndpoint.handleResponse(RemoteEndpoint.java:209)
	at org.eclipse.lsp4j.jsonrpc.RemoteEndpoint.consume(RemoteEndpoint.java:193)
	at org.eclipse.lsp4j.jsonrpc.json.StreamMessageProducer.handleMessage(StreamMessageProducer.java:194)
	at org.eclipse.lsp4j.jsonrpc.json.StreamMessageProducer.listen(StreamMessageProducer.java:94)
	at org.eclipse.lsp4j.jsonrpc.json.ConcurrentMessageProcessor.run(ConcurrentMessageProcessor.java:113)
	at java.util.concurrent.Executors$RunnableAdapter.call(Executors.java:511)
	at java.util.concurrent.FutureTask.run(FutureTask.java:266)
	at java.util.concurrent.ThreadPoolExecutor.runWorker(ThreadPoolExecutor.java:1149)
	at java.util.concurrent.ThreadPoolExecutor$Worker.run(ThreadPoolExecutor.java:624)
	at java.lang.Thread.run(Thread.java:748)
[0m
